<?xml version="1.0" encoding="UTF-8"?>
<!-- Generated by org.testng.reporters.JUnitReportReporter -->
<testsuite hostname="ECFL201MAC-013" failures="0" tests="1" name="FirstHomePage.TestHomePages.AppTest" time="5.929" errors="0" timestamp="15 Aug. 2018 01:45:03 GMT" skipped="0">
  <testcase classname="FirstHomePage.TestHomePages.AppTest" name="testApp" time="5.929"/>
</testsuite> <!-- FirstHomePage.TestHomePages.AppTest -->
